[2025-02-08 10:08:19] เริ่มการอัพเดตข้อมูล
Data: Array
(
    [vocab_id] => 1
    [word_th] => หัวหอม5
    [word_kr] => 양파
    [word_en] => onion
    [deteil_word] => none
    [example_one] => test 1
    [example_two] => test 2
)

--------------------------------------------------
[2025-02-08 10:08:19] ข้อมูลที่จะอัพเดต
Data: Array
(
    [word_th] => หัวหอม5
    [word_kr] => 양파
    [word_en] => onion
    [deteil_word] => none
    [example_one] => test 1
    [example_two] => test 2
)

--------------------------------------------------
[2025-02-08 10:08:19] SQL Query
Data: UPDATE vocabulary SET word_th = ?, word_kr = ?, word_en = ?, deteil_word = ?, example_one = ?, example_two = ? WHERE id = ?
--------------------------------------------------
[2025-02-08 10:08:19] Query Parameters
Data: Array
(
    [0] => หัวหอม5
    [1] => 양파
    [2] => onion
    [3] => none
    [4] => test 1
    [5] => test 2
    [6] => 1
)

--------------------------------------------------
[2025-02-08 10:08:19] อัพเดตข้อมูลสำเร็จ
--------------------------------------------------
[2025-02-08 10:09:53] เริ่มการอัพเดตข้อมูล
Data: Array
(
    [vocab_id] => 2
    [word_th] => หัวหอม 2
    [word_kr] => 양파
    [word_en] => onion 1
    [deteil_word] => none
    [example_one] => test 1
    [example_two] => test 2
)

--------------------------------------------------
[2025-02-08 10:09:53] ข้อมูลที่จะอัพเดต
Data: Array
(
    [word_th] => หัวหอม 2
    [word_kr] => 양파
    [word_en] => onion 1
    [deteil_word] => none
    [example_one] => test 1
    [example_two] => test 2
)

--------------------------------------------------
[2025-02-08 10:09:53] SQL Query
Data: UPDATE vocabulary SET word_th = ?, word_kr = ?, word_en = ?, deteil_word = ?, example_one = ?, example_two = ? WHERE id = ?
--------------------------------------------------
[2025-02-08 10:09:53] Query Parameters
Data: Array
(
    [0] => หัวหอม 2
    [1] => 양파
    [2] => onion 1
    [3] => none
    [4] => test 1
    [5] => test 2
    [6] => 2
)

--------------------------------------------------
[2025-02-08 10:09:53] อัพเดตข้อมูลสำเร็จ
--------------------------------------------------
[2025-02-08 10:09:55] เริ่มการอัพเดตข้อมูล
Data: Array
(
    [vocab_id] => 1
    [word_th] => หัวหอม5
    [word_kr] => 양파
    [word_en] => onion
    [deteil_word] => none
    [example_one] => test 1
    [example_two] => test 2
)

--------------------------------------------------
[2025-02-08 10:09:55] ข้อมูลที่จะอัพเดต
Data: Array
(
    [word_th] => หัวหอม5
    [word_kr] => 양파
    [word_en] => onion
    [deteil_word] => none
    [example_one] => test 1
    [example_two] => test 2
)

--------------------------------------------------
[2025-02-08 10:09:55] SQL Query
Data: UPDATE vocabulary SET word_th = ?, word_kr = ?, word_en = ?, deteil_word = ?, example_one = ?, example_two = ? WHERE id = ?
--------------------------------------------------
[2025-02-08 10:09:55] Query Parameters
Data: Array
(
    [0] => หัวหอม5
    [1] => 양파
    [2] => onion
    [3] => none
    [4] => test 1
    [5] => test 2
    [6] => 1
)

--------------------------------------------------
[2025-02-08 10:09:55] อัพเดตข้อมูลสำเร็จ
--------------------------------------------------
[2025-02-08 10:10:28] เริ่มการอัพเดตข้อมูล
Data: Array
(
    [vocab_id] => 1
    [word_th] => หัวหอม5
    [word_kr] => 양파
    [word_en] => onion
    [deteil_word] => none
    [example_one] => test 1
    [example_two] => test 2
)

--------------------------------------------------
[2025-02-08 10:10:28] ข้อมูลที่จะอัพเดต
Data: Array
(
    [word_th] => หัวหอม5
    [word_kr] => 양파
    [word_en] => onion
    [deteil_word] => none
    [example_one] => test 1
    [example_two] => test 2
)

--------------------------------------------------
[2025-02-08 10:10:28] SQL Query
Data: UPDATE vocabulary SET word_th = ?, word_kr = ?, word_en = ?, deteil_word = ?, example_one = ?, example_two = ? WHERE id = ?
--------------------------------------------------
[2025-02-08 10:10:28] Query Parameters
Data: Array
(
    [0] => หัวหอม5
    [1] => 양파
    [2] => onion
    [3] => none
    [4] => test 1
    [5] => test 2
    [6] => 1
)

--------------------------------------------------
[2025-02-08 10:10:28] อัพเดตข้อมูลสำเร็จ
--------------------------------------------------
[2025-02-08 10:12:45] เริ่มการอัพเดตข้อมูล
Data: Array
(
    [vocab_id] => 1
    [word_th] => หัวหอม5
    [word_kr] => 양파
    [word_en] => onion
    [deteil_word] => none
    [example_one] => test 1
    [example_two] => test 2
)

--------------------------------------------------
[2025-02-08 10:12:45] ข้อมูลที่จะอัพเดต
Data: Array
(
    [word_th] => หัวหอม5
    [word_kr] => 양파
    [word_en] => onion
    [deteil_word] => none
    [example_one] => test 1
    [example_two] => test 2
)

--------------------------------------------------
[2025-02-08 10:12:45] SQL Query
Data: UPDATE vocabulary SET word_th = ?, word_kr = ?, word_en = ?, deteil_word = ?, example_one = ?, example_two = ? WHERE id = ?
--------------------------------------------------
[2025-02-08 10:12:45] Query Parameters
Data: Array
(
    [0] => หัวหอม5
    [1] => 양파
    [2] => onion
    [3] => none
    [4] => test 1
    [5] => test 2
    [6] => 1
)

--------------------------------------------------
[2025-02-08 10:12:45] อัพเดตข้อมูลสำเร็จ
--------------------------------------------------
[2025-02-08 10:13:16] เริ่มการอัพเดตข้อมูล
Data: Array
(
    [vocab_id] => 1
    [word_th] => หัวหอม5
    [word_kr] => 양파
    [word_en] => onion
    [deteil_word] => none
    [example_one] => test 1
    [example_two] => test 2
)

--------------------------------------------------
[2025-02-08 10:13:16] ข้อมูลที่จะอัพเดต
Data: Array
(
    [word_th] => หัวหอม5
    [word_kr] => 양파
    [word_en] => onion
    [deteil_word] => none
    [example_one] => test 1
    [example_two] => test 2
)

--------------------------------------------------
[2025-02-08 10:13:16] SQL Query
Data: UPDATE vocabulary SET word_th = ?, word_kr = ?, word_en = ?, deteil_word = ?, example_one = ?, example_two = ? WHERE id = ?
--------------------------------------------------
[2025-02-08 10:13:16] Query Parameters
Data: Array
(
    [0] => หัวหอม5
    [1] => 양파
    [2] => onion
    [3] => none
    [4] => test 1
    [5] => test 2
    [6] => 1
)

--------------------------------------------------
[2025-02-08 10:13:16] อัพเดตข้อมูลสำเร็จ
--------------------------------------------------
[2025-02-08 10:13:52] เริ่มการอัพเดตข้อมูล
Data: Array
(
    [vocab_id] => 1
    [word_th] => หัวหอม5
    [word_kr] => 양파
    [word_en] => onion
    [deteil_word] => none
    [example_one] => test 1
    [example_two] => test 2
)

--------------------------------------------------
[2025-02-08 10:13:52] ข้อมูลที่จะอัพเดต
Data: Array
(
    [word_th] => หัวหอม5
    [word_kr] => 양파
    [word_en] => onion
    [deteil_word] => none
    [example_one] => test 1
    [example_two] => test 2
)

--------------------------------------------------
[2025-02-08 10:13:52] SQL Query
Data: UPDATE vocabulary SET word_th = ?, word_kr = ?, word_en = ?, deteil_word = ?, example_one = ?, example_two = ? WHERE id = ?
--------------------------------------------------
[2025-02-08 10:13:52] Query Parameters
Data: Array
(
    [0] => หัวหอม5
    [1] => 양파
    [2] => onion
    [3] => none
    [4] => test 1
    [5] => test 2
    [6] => 1
)

--------------------------------------------------
[2025-02-08 10:13:52] อัพเดตข้อมูลสำเร็จ
--------------------------------------------------
[2025-02-08 10:14:21] เริ่มการอัพเดตข้อมูล
Data: Array
(
    [vocab_id] => 1
    [word_th] => หัวหอม5
    [word_kr] => 양파
    [word_en] => onion
    [deteil_word] => none
    [example_one] => test 1
    [example_two] => test 2
)

--------------------------------------------------
[2025-02-08 10:14:21] ข้อมูลที่จะอัพเดต
Data: Array
(
    [word_th] => หัวหอม5
    [word_kr] => 양파
    [word_en] => onion
    [deteil_word] => none
    [example_one] => test 1
    [example_two] => test 2
)

--------------------------------------------------
[2025-02-08 10:14:21] SQL Query
Data: UPDATE vocabulary SET word_th = ?, word_kr = ?, word_en = ?, deteil_word = ?, example_one = ?, example_two = ? WHERE id = ?
--------------------------------------------------
[2025-02-08 10:14:21] Query Parameters
Data: Array
(
    [0] => หัวหอม5
    [1] => 양파
    [2] => onion
    [3] => none
    [4] => test 1
    [5] => test 2
    [6] => 1
)

--------------------------------------------------
[2025-02-08 10:14:21] อัพเดตข้อมูลสำเร็จ
--------------------------------------------------
